16.0520 	EXP 	Created window1 = Window(allowGUI=True, allowStencil=False, autoLog=True, backendConf=UNKNOWN, bitsMode=UNKNOWN, blendMode='avg', bpc=(8, 8, 8), color=array([0, 0, 0]), colorSpace='rgb', depthBits=8, fullscr=<method-wrapper '__getattribute__' of attributeSetter object at 0x000001A6791C73A0>, gamma=None, gammaErrorPolicy='raise', lms=UNKNOWN, monitor=<psychopy.monitors.calibTools.Monitor object at 0x000001A67B1A07F0>, multiSample=False, name='window1', numSamples=2, pos=(0, 0), screen=0, size=array([1920, 1080]), stencilBits=0, stereo=False, units='height', useFBO=True, useRetina=False, viewOri=0.0, viewPos=None, viewScale=None, waitBlanking=True, winType='pyglet')
16.0521 	EXP 	window1: mouseVisible = True
16.0522 	EXP 	window1: mouseVisible = False
16.0522 	EXP 	window1: Attempting to measure frame rate of screen (0) ...
16.0522 	EXP 	window1: recordFrameIntervals = False
16.2187 	EXP 	window1: recordFrameIntervals = True
16.4021 	EXP 	Screen (0) actual frame rate measured at 60.00Hz
16.4022 	EXP 	window1: recordFrameIntervals = False
18.4133 	EXP 	Created inst1 = TextStim(__class__=<class 'psychopy.visual.text.TextStim'>, alignHoriz=method-wrapper(...), alignText='center', alignVert=method-wrapper(...), anchorHoriz='center', anchorVert='center', antialias=True, autoDraw=False, autoLog=True, bold=False, color=array([1., 1., 1.]), colorSpace='rgb', contrast=1.0, depth=0.0, flipHoriz=False, flipVert=False, font='Open Sans', fontFiles=[], height=0.05, italic=False, languageStyle='LTR', name='inst1', opacity=1.0, ori=0.0, pos=array([0., 0.]), rgb=UNKNOWN, text=str(...), units='height', win=Window(...), wrapWidth=1)
18.4265 	EXP 	Created inst2 = TextStim(__class__=<class 'psychopy.visual.text.TextStim'>, alignHoriz=method-wrapper(...), alignText='center', alignVert=method-wrapper(...), anchorHoriz='center', anchorVert='center', antialias=True, autoDraw=False, autoLog=True, bold=False, color=array([1., 1., 1.]), colorSpace='rgb', contrast=1.0, depth=0.0, flipHoriz=False, flipVert=False, font='Open Sans', fontFiles=[], height=0.05, italic=False, languageStyle='LTR', name='inst2', opacity=1.0, ori=0.0, pos=array([0., 0.]), rgb=UNKNOWN, text=str(...), units='height', win=Window(...), wrapWidth=1)
18.4411 	EXP 	Created inst1_2 = TextStim(__class__=<class 'psychopy.visual.text.TextStim'>, alignHoriz=method-wrapper(...), alignText='center', alignVert=method-wrapper(...), anchorHoriz='center', anchorVert='center', antialias=True, autoDraw=False, autoLog=True, bold=False, color=array([1., 1., 1.]), colorSpace='rgb', contrast=1.0, depth=0.0, flipHoriz=False, flipVert=False, font='Open Sans', fontFiles=[], height=0.05, italic=False, languageStyle='LTR', name='inst1_2', opacity=1.0, ori=0.0, pos=array([0., 0.]), rgb=UNKNOWN, text=str(...), units='height', win=Window(...), wrapWidth=1)
18.4510 	EXP 	Created sliderright = TextStim(__class__=<class 'psychopy.visual.text.TextStim'>, alignHoriz=method-wrapper(...), alignText='center', alignVert=method-wrapper(...), anchorHoriz='center', anchorVert='center', antialias=True, autoDraw=False, autoLog=True, bold=False, color=array([1., 1., 1.]), colorSpace='rgb', contrast=1.0, depth=-1.0, flipHoriz=False, flipVert=False, font='Open Sans', fontFiles=[], height=0.04, italic=False, languageStyle='LTR', name='sliderright', opacity=1.0, ori=0.0, pos=array([ 0.45, -0.4 ]), rgb=UNKNOWN, text='noise (100%)', units='height', win=Window(...), wrapWidth=1)
18.4542 	EXP 	Created sliderleft = TextStim(__class__=<class 'psychopy.visual.text.TextStim'>, alignHoriz=method-wrapper(...), alignText='center', alignVert=method-wrapper(...), anchorHoriz='center', anchorVert='center', antialias=True, autoDraw=False, autoLog=True, bold=False, color=array([1., 1., 1.]), colorSpace='rgb', contrast=1.0, depth=-2.0, flipHoriz=False, flipVert=False, font='Open Sans', fontFiles=[], height=0.04, italic=False, languageStyle='LTR', name='sliderleft', opacity=1.0, ori=0.0, pos=array([-0.45, -0.4 ]), rgb=UNKNOWN, text='no noise (0%)', units='height', win=Window(...), wrapWidth=1)
18.4869 	EXP 	Created instdemo = TextStim(__class__=<class 'psychopy.visual.text.TextStim'>, alignHoriz=method-wrapper(...), alignText='center', alignVert=method-wrapper(...), anchorHoriz='center', anchorVert='center', antialias=True, autoDraw=False, autoLog=True, bold=False, color=array([1., 1., 1.]), colorSpace='rgb', contrast=1.0, depth=-3.0, flipHoriz=False, flipVert=False, font='Open Sans', fontFiles=[], height=0.045, italic=False, languageStyle='LTR', name='instdemo', opacity=1.0, ori=0.0, pos=array([ 0.  , -0.06]), rgb=UNKNOWN, text=str(...), units='height', win=Window(...), wrapWidth=1)
18.4896 	EXP 	Created shape_demo = Rect(__class__=<class 'psychopy.visual.rect.Rect'>, anchor=('center', 'center'), autoDraw=False, autoLog=True, closeShape=True, color=method-wrapper(...), colorSpace='rgb', contrast=None, depth=-4.0, fillColor=array([0., 0., 0.]), fillColorSpace='rgb', fillRGB=array([0., 0., 0.]), interpolate=True, lineColor=array([0., 0., 0.]), lineColorSpace='rgb', lineRGB=array([0., 0., 0.]), lineWidth=1.0, name='shape_demo', opacity=1.0, ori=0.0, pos=array([ 0.  , -0.35]), size=array([1.  , 0.07]), units='height', vertices=ndarray(...), win=Window(...))
18.4981 	EXP 	window1: mouseVisible = True
18.5210 	EXP 	Created slider0l_d = Slider(__class__=<class 'psychopy.visual.slider.Slider'>, autoDraw=False, autoLog=True, borderColor=None, color=None, colorSpace='rgb', depth=-5, fillColor=None, flip=False, font='Open Sans', granularity=None, labelColor=None, labelHeight=0.04, labelWrapWidth=None, labels=None, lineColor=None, markerColor=None, name='slider0l_d', opacity=None, ori=0.0, pos=array([-0.275, -0.35 ]), readOnly=True, self=UNKNOWN, size=array([0.45, 0.03]), startValue=None, style='slider', styleTweaks=[], ticks=array([ 0, 50]), units='height', win=Window(...))
18.5292 	EXP 	Created expect0_d = TextStim(__class__=<class 'psychopy.visual.text.TextStim'>, alignHoriz=method-wrapper(...), alignText='center', alignVert=method-wrapper(...), anchorHoriz='center', anchorVert='center', antialias=True, autoDraw=False, autoLog=True, bold=False, color=array([1., 1., 1.]), colorSpace='rgb', contrast=1.0, depth=-6.0, flipHoriz=False, flipVert=False, font='Open Sans', fontFiles=[], height=0.045, italic=False, languageStyle='LTR', name='expect0_d', opacity=1.0, ori=0.0, pos=array([ 0. , -0.3]), rgb=UNKNOWN, text='How much do you expect a noise?\n\n', units='height', win=Window(...), wrapWidth=1)
18.5336 	EXP 	window1: mouseVisible = True
18.5533 	EXP 	Created slider0r_d = Slider(__class__=<class 'psychopy.visual.slider.Slider'>, autoDraw=False, autoLog=True, borderColor=None, color=None, colorSpace='rgb', depth=-7, fillColor=None, flip=False, font='Open Sans', granularity=None, labelColor=None, labelHeight=0.04, labelWrapWidth=None, labels=None, lineColor=None, markerColor=None, name='slider0r_d', opacity=None, ori=0.0, pos=array([ 0.275, -0.35 ]), readOnly=True, self=UNKNOWN, size=array([0.45, 0.03]), startValue=None, style='slider', styleTweaks=[], ticks=array([ 50, 100]), units='height', win=Window(...))
18.5546 	EXP 	Created markerdemo = Rect(__class__=<class 'psychopy.visual.rect.Rect'>, anchor=('center', 'center'), autoDraw=False, autoLog=True, closeShape=True, color=method-wrapper(...), colorSpace='rgb', contrast=None, depth=-8.0, fillColor=array([ 1., -1., -1.]), fillColorSpace='rgb', fillRGB=array([ 1., -1., -1.]), interpolate=True, lineColor=array([0., 0., 0.]), lineColorSpace='rgb', lineRGB=array([0., 0., 0.]), lineWidth=1.0, name='markerdemo', opacity=1.0, ori=0.0, pos=array([0., 0.]), size=array([0.03, 0.07]), units='height', vertices=ndarray(...), win=Window(...))
18.5546 	EXP 	window1: mouseVisible = True
18.5831 	EXP 	Created inst4 = TextStim(__class__=<class 'psychopy.visual.text.TextStim'>, alignHoriz=method-wrapper(...), alignText='center', alignVert=method-wrapper(...), anchorHoriz='center', anchorVert='center', antialias=True, autoDraw=False, autoLog=True, bold=False, color=array([1., 1., 1.]), colorSpace='rgb', contrast=1.0, depth=0.0, flipHoriz=False, flipVert=False, font='Open Sans', fontFiles=[], height=0.04, italic=False, languageStyle='LTR', name='inst4', opacity=1.0, ori=0.0, pos=array([0., 0.]), rgb=UNKNOWN, text=str(...), units='height', win=Window(...), wrapWidth=1)
18.6028 	EXP 	Created inst5 = TextStim(__class__=<class 'psychopy.visual.text.TextStim'>, alignHoriz=method-wrapper(...), alignText='center', alignVert=method-wrapper(...), anchorHoriz='center', anchorVert='center', antialias=True, autoDraw=False, autoLog=True, bold=False, color=array([1., 1., 1.]), colorSpace='rgb', contrast=1.0, depth=0.0, flipHoriz=False, flipVert=False, font='Open Sans', fontFiles=[], height=0.05, italic=False, languageStyle='LTR', name='inst5', opacity=1.0, ori=0.0, pos=array([0., 0.]), rgb=UNKNOWN, text=str(...), units='height', win=Window(...), wrapWidth=1)
18.6051 	EXP 	Created cross_start = ShapeStim(__class__=<class 'psychopy.visual.shape.ShapeStim'>, anchor=('center', 'center'), autoDraw=False, autoLog=True, closeShape=True, color=method-wrapper(...), colorSpace='rgb', contrast=None, depth=0.0, fillColor=array([1, 1, 1]), fillColorSpace='rgb', fillRGB=array([1, 1, 1]), interpolate=True, lineColor=array([1., 1., 1.]), lineColorSpace='rgb', lineRGB=array([1, 1, 1]), lineWidth=1.0, name='cross_start', opacity=1.0, ori=0.0, pos=array([0., 0.]), size=array([0.05, 0.05]), units='height', vertices=ndarray(...), win=Window(...), windingRule=None)
18.6125 	EXP 	Created textr_cond = TextStim(__class__=<class 'psychopy.visual.text.TextStim'>, alignHoriz=method-wrapper(...), alignText='center', alignVert=method-wrapper(...), anchorHoriz='center', anchorVert='center', antialias=True, autoDraw=False, autoLog=True, bold=False, color=array([1., 1., 1.]), colorSpace='rgb', contrast=1.0, depth=-1.0, flipHoriz=False, flipVert=False, font='Open Sans', fontFiles=[], height=0.04, italic=False, languageStyle='LTR', name='textr_cond', opacity=1.0, ori=0.0, pos=array([ 0.45, -0.4 ]), rgb=UNKNOWN, text='noise (100%)', units='height', win=Window(...), wrapWidth=1)
18.6214 	EXP 	Created img_cond = ImageStim(__class__=<class 'psychopy.visual.image.ImageStim'>, anchor=('center', 'center'), autoLog=True, color=array([1., 1., 1.]), colorSpace='rgb', contrast=1.0, depth=-2.0, flipHoriz=False, flipVert=False, image='sin', interpolate=True, mask=None, maskParams=None, name='img_cond', opacity=1.0, ori=0.0, pos=array([0., 0.]), size=array([0.45, 0.45]), texRes=128.0, units='height', win=Window(...))
18.6249 	EXP 	Created textl_cond = TextStim(__class__=<class 'psychopy.visual.text.TextStim'>, alignHoriz=method-wrapper(...), alignText='center', alignVert=method-wrapper(...), anchorHoriz='center', anchorVert='center', antialias=True, autoDraw=False, autoLog=True, bold=False, color=array([1., 1., 1.]), colorSpace='rgb', contrast=1.0, depth=-3.0, flipHoriz=False, flipVert=False, font='Open Sans', fontFiles=[], height=0.04, italic=False, languageStyle='LTR', name='textl_cond', opacity=1.0, ori=0.0, pos=array([-0.45, -0.4 ]), rgb=UNKNOWN, text='no noise (0%)', units='height', win=Window(...), wrapWidth=1)
18.6261 	EXP 	Created shape_cond = Rect(__class__=<class 'psychopy.visual.rect.Rect'>, anchor=('center', 'center'), autoDraw=False, autoLog=True, closeShape=True, color=method-wrapper(...), colorSpace='rgb', contrast=None, depth=-4.0, fillColor=array([0., 0., 0.]), fillColorSpace='rgb', fillRGB=array([0., 0., 0.]), interpolate=True, lineColor=array([0., 0., 0.]), lineColorSpace='rgb', lineRGB=array([0., 0., 0.]), lineWidth=1.0, name='shape_cond', opacity=1.0, ori=0.0, pos=array([ 0.  , -0.35]), size=array([1.  , 0.07]), units='height', vertices=ndarray(...), win=Window(...))
18.6302 	EXP 	window1: mouseVisible = True
18.6496 	EXP 	Created sliderl_cond = Slider(__class__=<class 'psychopy.visual.slider.Slider'>, autoDraw=False, autoLog=True, borderColor=None, color=None, colorSpace='rgb', depth=-5, fillColor=None, flip=False, font='Open Sans', granularity=None, labelColor=None, labelHeight=0.04, labelWrapWidth=None, labels=None, lineColor=None, markerColor=None, name='sliderl_cond', opacity=None, ori=0.0, pos=array([-0.275, -0.35 ]), readOnly=True, self=UNKNOWN, size=array([0.45, 0.03]), startValue=None, style='slider', styleTweaks=[], ticks=array([ 0, 50]), units='height', win=Window(...))
18.6550 	EXP 	Created expect_cond = TextStim(__class__=<class 'psychopy.visual.text.TextStim'>, alignHoriz=method-wrapper(...), alignText='center', alignVert=method-wrapper(...), anchorHoriz='center', anchorVert='center', antialias=True, autoDraw=False, autoLog=True, bold=False, color=array([1., 1., 1.]), colorSpace='rgb', contrast=1.0, depth=-6.0, flipHoriz=False, flipVert=False, font='Open Sans', fontFiles=[], height=0.05, italic=False, languageStyle='LTR', name='expect_cond', opacity=1.0, ori=0.0, pos=array([ 0. , -0.3]), rgb=UNKNOWN, text='How much do you expect a noise?\n\n', units='height', win=Window(...), wrapWidth=1)
18.6594 	EXP 	window1: mouseVisible = True
18.6788 	EXP 	Created sliderr_cond = Slider(__class__=<class 'psychopy.visual.slider.Slider'>, autoDraw=False, autoLog=True, borderColor=None, color=None, colorSpace='rgb', depth=-7, fillColor=None, flip=False, font='Open Sans', granularity=None, labelColor=None, labelHeight=0.04, labelWrapWidth=None, labels=None, lineColor=None, markerColor=None, name='sliderr_cond', opacity=None, ori=0.0, pos=array([ 0.275, -0.35 ]), readOnly=True, self=UNKNOWN, size=array([0.45, 0.03]), startValue=None, style='slider', styleTweaks=[], ticks=array([ 50, 100]), units='height', win=Window(...))
18.6800 	EXP 	Created marker_cond = Rect(__class__=<class 'psychopy.visual.rect.Rect'>, anchor=('center', 'center'), autoDraw=False, autoLog=True, closeShape=True, color=method-wrapper(...), colorSpace='rgb', contrast=None, depth=-8.0, fillColor=array([ 1., -1., -1.]), fillColorSpace='rgb', fillRGB=array([ 1., -1., -1.]), interpolate=True, lineColor=array([0., 0., 0.]), lineColorSpace='rgb', lineRGB=array([0., 0., 0.]), lineWidth=1.0, name='marker_cond', opacity=1.0, ori=0.0, pos=array([0., 0.]), size=array([0.03, 0.07]), units='height', vertices=ndarray(...), win=Window(...))
18.6800 	EXP 	window1: mouseVisible = True
18.6822 	EXP 	Created cross_2 = ShapeStim(__class__=<class 'psychopy.visual.shape.ShapeStim'>, anchor=('center', 'center'), autoDraw=False, autoLog=True, closeShape=True, color=method-wrapper(...), colorSpace='rgb', contrast=None, depth=-1.0, fillColor=array([1, 1, 1]), fillColorSpace='rgb', fillRGB=array([1, 1, 1]), interpolate=True, lineColor=array([1., 1., 1.]), lineColorSpace='rgb', lineRGB=array([1, 1, 1]), lineWidth=1.0, name='cross_2', opacity=1.0, ori=0.0, pos=array([0., 0.]), size=array([0.05, 0.05]), units='height', vertices=ndarray(...), win=Window(...), windingRule=None)
18.6873 	EXP 	Created inst_break = TextStim(__class__=<class 'psychopy.visual.text.TextStim'>, alignHoriz=method-wrapper(...), alignText='center', alignVert=method-wrapper(...), anchorHoriz='center', anchorVert='center', antialias=True, autoDraw=False, autoLog=True, bold=False, color=array([1., 1., 1.]), colorSpace='rgb', contrast=1.0, depth=0.0, flipHoriz=False, flipVert=False, font='Open Sans', fontFiles=[], height=0.05, italic=False, languageStyle='LTR', name='inst_break', opacity=1.0, ori=0.0, pos=array([0., 0.]), rgb=UNKNOWN, text='Take a break!\n\n', units='height', win=Window(...), wrapWidth=1)
18.6888 	EXP 	Created sequence: random, trialTypes=1, nReps=1, seed=None
18.6890 	EXP 	New trial (rep=0, index=0): None
18.6939 	EXP 	slider0l_d: autoLog = True
18.6939 	EXP 	slider0l_d: markerPos = None
18.6939 	EXP 	slider0l_d: styleTweaks = []
18.6939 	EXP 	slider0l_d: styleTweaks = []
18.6939 	EXP 	slider0l_d: styleTweaks = []
18.6939 	EXP 	slider0l_d: styleTweaks = []
18.6939 	EXP 	slider0l_d: contrast = 1.0
18.6939 	EXP 	slider0l_d: autoLog = True
18.6939 	EXP 	slider0r_d: autoLog = True
18.6939 	EXP 	slider0r_d: markerPos = None
18.6939 	EXP 	slider0r_d: styleTweaks = []
18.6939 	EXP 	slider0r_d: styleTweaks = []
18.6939 	EXP 	slider0r_d: styleTweaks = []
18.6939 	EXP 	slider0r_d: styleTweaks = []
18.6939 	EXP 	slider0r_d: contrast = 1.0
18.6939 	EXP 	slider0r_d: autoLog = True
18.6939 	EXP 	sliderl_cond: autoLog = True
18.6939 	EXP 	sliderl_cond: markerPos = None
18.6939 	EXP 	sliderl_cond: styleTweaks = []
18.6939 	EXP 	sliderl_cond: styleTweaks = []
18.6939 	EXP 	sliderl_cond: styleTweaks = []
18.6939 	EXP 	sliderl_cond: styleTweaks = []
18.6939 	EXP 	sliderl_cond: contrast = 1.0
18.6939 	EXP 	sliderl_cond: autoLog = True
18.6939 	EXP 	sliderr_cond: autoLog = True
18.6939 	EXP 	sliderr_cond: markerPos = None
18.6939 	EXP 	sliderr_cond: styleTweaks = []
18.6939 	EXP 	sliderr_cond: styleTweaks = []
18.6939 	EXP 	sliderr_cond: styleTweaks = []
18.6939 	EXP 	sliderr_cond: styleTweaks = []
18.6939 	EXP 	sliderr_cond: contrast = 1.0
18.6939 	EXP 	sliderr_cond: autoLog = True
18.6939 	EXP 	inst1: autoDraw = True
26.3186 	DATA 	Keypress: space
26.3315 	EXP 	inst1: autoDraw = False
26.3315 	EXP 	inst2: autoDraw = True
30.5178 	DATA 	Keypress: space
30.5316 	EXP 	inst2: autoDraw = False
30.5316 	EXP 	inst1_2: autoDraw = True
35.7721 	DATA 	Keypress: space
35.7744 	EXP 	inst1_2: autoDraw = False
35.7744 	EXP 	slider0l_d: markerPos = None
35.7744 	EXP 	slider0l_d: markerPos = None
35.7744 	EXP 	slider0r_d: markerPos = None
35.7744 	EXP 	slider0r_d: markerPos = None
35.7744 	EXP 	sliderright: autoDraw = True
35.7744 	EXP 	sliderleft: autoDraw = True
35.7744 	EXP 	instdemo: autoDraw = True
35.7744 	EXP 	shape_demo: autoDraw = True
35.7744 	EXP 	slider0l_d: autoDraw = True
35.7744 	EXP 	expect0_d: autoDraw = True
35.7744 	EXP 	slider0r_d: autoDraw = True
35.7744 	EXP 	markerdemo: autoDraw = True
52.4205 	DATA 	Mouse: Left button down, pos=(982,172)
52.5035 	DATA 	Mouse:  Left button up, pos=(982,172)
52.5897 	DATA 	Mouse: Left button down, pos=(982,172)
52.6703 	DATA 	Mouse:  Left button up, pos=(982,172)
65.2038 	DATA 	Mouse: Left button down, pos=(885,164)
65.3034 	DATA 	Mouse:  Left button up, pos=(786,154)
65.3867 	DATA 	Mouse: Left button down, pos=(484,277)
65.4701 	DATA 	Mouse:  Left button up, pos=(484,277)
65.5369 	DATA 	Mouse: Left button down, pos=(483,277)
65.6204 	DATA 	Mouse:  Left button up, pos=(881,176)
65.6871 	DATA 	Mouse: Left button down, pos=(1169,156)
65.8034 	DATA 	Mouse:  Left button up, pos=(1169,156)
66.0035 	DATA 	Mouse: Left button down, pos=(1613,208)
66.1536 	DATA 	Mouse:  Left button up, pos=(1613,208)
66.4037 	DATA 	Mouse: Left button down, pos=(1428,184)
66.5369 	DATA 	Mouse:  Left button up, pos=(1427,184)
76.1872 	DATA 	Keypress: space
76.1978 	EXP 	sliderright: autoDraw = False
76.1978 	EXP 	sliderleft: autoDraw = False
76.1978 	EXP 	instdemo: autoDraw = False
76.1978 	EXP 	shape_demo: autoDraw = False
76.1978 	EXP 	slider0l_d: autoDraw = False
76.1978 	EXP 	expect0_d: autoDraw = False
76.1978 	EXP 	slider0r_d: autoDraw = False
76.1978 	EXP 	markerdemo: autoDraw = False
76.1978 	EXP 	inst4: autoDraw = True
80.9675 	DATA 	Keypress: space
80.9812 	EXP 	inst4: autoDraw = False
80.9812 	EXP 	inst5: autoDraw = True
84.0838 	DATA 	Keypress: space
84.0980 	EXP 	inst5: autoDraw = False
84.0980 	EXP 	cross_start: autoDraw = True
86.0931 	EXP 	Imported data/sub-FB999/sub-FB999_ses-1_task-conditioning_events-input.xlsx as conditions, 12 conditions, 13 params
86.0936 	EXP 	Created sequence: sequential, trialTypes=12, nReps=1, seed=None
86.0940 	EXP 	New trial (rep=0, index=0): {'FAB': 'B-', 'stim': 'CS1-', 'pic': 'blue', 'path': 'stimuli/blue.jpg', 'location': [0, 0.1], 'FPS': 0, 'us': 0, 'iti': 7, 'cs_duration': 5, 'trial': 1, 'half': 1, 'FPS_timing': 5, 'task': 'conditioning'}
86.1721 	EXP 	cross_start: autoDraw = False
86.1721 	EXP 	cross_start: autoDraw = False
86.1721 	EXP 	img_cond: image = 'stimuli/blue.jpg'
86.1721 	EXP 	sliderl_cond: markerPos = None
86.1721 	EXP 	sliderl_cond: markerPos = None
86.1721 	EXP 	sliderr_cond: markerPos = None
86.1721 	EXP 	sliderr_cond: markerPos = None
86.1721 	EXP 	textr_cond: autoDraw = True
86.1721 	EXP 	img_cond: autoDraw = True
86.1721 	EXP 	textl_cond: autoDraw = True
86.1721 	EXP 	shape_cond: autoDraw = True
86.1721 	EXP 	sliderl_cond: autoDraw = True
86.1721 	EXP 	expect_cond: autoDraw = True
86.1721 	EXP 	sliderr_cond: autoDraw = True
86.1721 	EXP 	marker_cond: autoDraw = True
91.1143 	EXP 	textr_cond: autoDraw = False
91.1143 	EXP 	img_cond: autoDraw = False
91.1143 	EXP 	textl_cond: autoDraw = False
91.1143 	EXP 	shape_cond: autoDraw = False
91.1143 	EXP 	sliderl_cond: autoDraw = False
91.1143 	EXP 	expect_cond: autoDraw = False
91.1143 	EXP 	sliderr_cond: autoDraw = False
91.1143 	EXP 	marker_cond: autoDraw = False
91.1143 	EXP 	cross_2: autoDraw = True
98.0987 	EXP 	New trial (rep=0, index=1): {'FAB': 'A+', 'stim': 'CS2+', 'pic': 'orange', 'path': 'stimuli/orange.jpg', 'location': [0, 0.1], 'FPS': 1, 'us': 1, 'iti': 7, 'cs_duration': 5, 'trial': 2, 'half': 1, 'FPS_timing': 5, 'task': 'conditioning'}
98.2052 	EXP 	Sound mySound set volume 1.000
98.2052 	EXP 	Sound mySound started
98.2175 	EXP 	cross_2: autoDraw = False
98.2175 	EXP 	cross_2: autoDraw = False
98.2175 	EXP 	img_cond: image = 'stimuli/orange.jpg'
98.2175 	EXP 	sliderl_cond: markerPos = None
98.2175 	EXP 	sliderl_cond: markerPos = None
98.2175 	EXP 	sliderr_cond: markerPos = None
98.2175 	EXP 	sliderr_cond: markerPos = None
98.2175 	EXP 	textr_cond: autoDraw = True
98.2175 	EXP 	img_cond: autoDraw = True
98.2175 	EXP 	textl_cond: autoDraw = True
98.2175 	EXP 	shape_cond: autoDraw = True
98.2175 	EXP 	sliderl_cond: autoDraw = True
98.2175 	EXP 	expect_cond: autoDraw = True
98.2175 	EXP 	sliderr_cond: autoDraw = True
98.2175 	EXP 	marker_cond: autoDraw = True
103.1747 	EXP 	textr_cond: autoDraw = False
103.1747 	EXP 	img_cond: autoDraw = False
103.1747 	EXP 	textl_cond: autoDraw = False
103.1747 	EXP 	shape_cond: autoDraw = False
103.1747 	EXP 	sliderl_cond: autoDraw = False
103.1747 	EXP 	expect_cond: autoDraw = False
103.1747 	EXP 	sliderr_cond: autoDraw = False
103.1747 	EXP 	marker_cond: autoDraw = False
103.1747 	EXP 	cross_2: autoDraw = True
110.1652 	EXP 	New trial (rep=0, index=2): {'FAB': 'B-', 'stim': 'CS1-', 'pic': 'blue', 'path': 'stimuli/blue.jpg', 'location': [0, 0.1], 'FPS': 0, 'us': 0, 'iti': 5, 'cs_duration': 5, 'trial': 3, 'half': 1, 'FPS_timing': 5, 'task': 'conditioning'}
110.2407 	EXP 	cross_2: autoDraw = False
110.2407 	EXP 	cross_2: autoDraw = False
110.2407 	EXP 	img_cond: image = 'stimuli/blue.jpg'
110.2407 	EXP 	sliderl_cond: markerPos = None
110.2407 	EXP 	sliderl_cond: markerPos = None
110.2407 	EXP 	sliderr_cond: markerPos = None
110.2407 	EXP 	sliderr_cond: markerPos = None
110.2407 	EXP 	textr_cond: autoDraw = True
110.2407 	EXP 	img_cond: autoDraw = True
110.2407 	EXP 	textl_cond: autoDraw = True
110.2407 	EXP 	shape_cond: autoDraw = True
110.2407 	EXP 	sliderl_cond: autoDraw = True
110.2407 	EXP 	expect_cond: autoDraw = True
110.2407 	EXP 	sliderr_cond: autoDraw = True
110.2407 	EXP 	marker_cond: autoDraw = True
115.0357 	DATA 	Keypress: escape
115.3440 	EXP 	window1: mouseVisible = True
